<?xml version="1.0" encoding="UTF-8"?>
<!-- Generated by org.testng.reporters.JUnitReportReporter -->
<testsuite hostname="DESKTOP-BDFN67P" failures="0" tests="1" name="RunnerClass.LoginRunner" time="4.375" errors="0" timestamp="18 Feb 2024 08:26:24 GMT">
  <testcase classname="RunnerClass.LoginRunner" name="runScenario" time="4.375"/>
</testsuite> <!-- RunnerClass.LoginRunner -->
