<?xml version="1.0" encoding="UTF-8"?>
<!-- Generated by org.testng.reporters.JUnitReportReporter -->
<testsuite hostname="DESKTOP-BDFN67P" failures="0" tests="1" name="RunnerClass.LoginRunnerTest" time="11.428" errors="0" timestamp="20 Feb 2024 09:06:30 GMT">
  <testcase classname="RunnerClass.LoginRunnerTest" name="runScenario" time="11.428"/>
</testsuite> <!-- RunnerClass.LoginRunnerTest -->
